<?xml version="1.0" encoding="UTF-8"?>
<!-- Generated by org.testng.reporters.JUnitReportReporter -->
<testsuite skipped="0" hostname="vishakha-Inspiron-3542" name="com.practice.testcases.ActionsTest" tests="1" failures="0" timestamp="11 Sep 2020 07:38:31 GMT" time="19.149" errors="0">
  <testcase name="actionTest" time="19.149" classname="com.practice.testcases.ActionsTest"/>
</testsuite> <!-- com.practice.testcases.ActionsTest -->
